Using named environment python: /uufs/chpc.utah.edu/common/home/u1406806/.conda/envs/temporal-music-activations-cuda/bin/python
Loading CHPC compiler/CUDA modules...
  loading GCC module: gcc
  loading CUDA module: cuda/12.6.3
Loaded modules:

Currently Loaded Modules:
  1) gcc/8.5.0   2) cuda/12.6.3 (g)

  Where:
   g:  built for GPU

 

Resolved Python environment: external-python
Resolved Python executable: /uufs/chpc.utah.edu/common/home/u1406806/.conda/envs/temporal-music-activations-cuda/bin/python
Python 3.11.15
Validated Python imports: torch, transformers
GPU detected by nvidia-smi:
NVIDIA A800 40GB Active, 580.105.08, 40960 MiB
Running torch CUDA diagnostics...
Torch version: 2.5.1
torch.version.cuda: 12.1
torch.backends.cuda.is_built(): True
torch.cuda.is_available(): True
CUDA device count: 1
CUDA device 0: NVIDIA A800 40GB Active
Environment check passed.
