/uufs/chpc.utah.edu/common/home/u1406806/.conda/envs/temporal-music-activations-cuda/lib/python3.11/site-packages/transformers/models/encodec/modeling_encodec.py:124: UserWarning: To copy construct from a tensor, it is recommended to use sourceTensor.clone().detach() or sourceTensor.clone().detach().requires_grad_(True), rather than torch.tensor(sourceTensor).
  self.register_buffer("padding_total", torch.tensor(kernel_size - stride, dtype=torch.int64), persistent=False)
Config of the text_encoder: <class 'transformers.models.t5.modeling_t5.T5EncoderModel'> is overwritten by shared text_encoder config: T5Config {
  "_name_or_path": "t5-base",
  "architectures": [
    "T5ForConditionalGeneration"
  ],
  "classifier_dropout": 0.0,
  "d_ff": 3072,
  "d_kv": 64,
  "d_model": 768,
  "decoder_start_token_id": 0,
  "dense_act_fn": "relu",
  "dropout_rate": 0.1,
  "eos_token_id": 1,
  "feed_forward_proj": "relu",
  "initializer_factor": 1.0,
  "is_encoder_decoder": true,
  "is_gated_act": false,
  "layer_norm_epsilon": 1e-06,
  "model_type": "t5",
  "n_positions": 512,
  "num_decoder_layers": 12,
  "num_heads": 12,
  "num_layers": 12,
  "output_past": true,
  "pad_token_id": 0,
  "relative_attention_max_distance": 128,
  "relative_attention_num_buckets": 32,
  "task_specific_params": {
    "summarization": {
      "early_stopping": true,
      "length_penalty": 2.0,
      "max_length": 200,
      "min_length": 30,
      "no_repeat_ngram_size": 3,
      "num_beams": 4,
      "prefix": "summarize: "
    },
    "translation_en_to_de": {
      "early_stopping": true,
      "max_length": 300,
      "num_beams": 4,
      "prefix": "translate English to German: "
    },
    "translation_en_to_fr": {
      "early_stopping": true,
      "max_length": 300,
      "num_beams": 4,
      "prefix": "translate English to French: "
    },
    "translation_en_to_ro": {
      "early_stopping": true,
      "max_length": 300,
      "num_beams": 4,
      "prefix": "translate English to Romanian: "
    }
  },
  "transformers_version": "4.46.3",
  "use_cache": true,
  "vocab_size": 32128
}

Config of the audio_encoder: <class 'transformers.models.encodec.modeling_encodec.EncodecModel'> is overwritten by shared audio_encoder config: EncodecConfig {
  "_name_or_path": "facebook/encodec_32khz",
  "architectures": [
    "EncodecModel"
  ],
  "audio_channels": 1,
  "chunk_length_s": null,
  "codebook_dim": 128,
  "codebook_size": 2048,
  "compress": 2,
  "dilation_growth_rate": 2,
  "hidden_size": 128,
  "kernel_size": 7,
  "last_kernel_size": 7,
  "model_type": "encodec",
  "norm_type": "weight_norm",
  "normalize": false,
  "num_filters": 64,
  "num_lstm_layers": 2,
  "num_residual_layers": 1,
  "overlap": null,
  "pad_mode": "reflect",
  "residual_kernel_size": 3,
  "sampling_rate": 32000,
  "target_bandwidths": [
    2.2
  ],
  "torch_dtype": "float32",
  "transformers_version": "4.46.3",
  "trim_right_ratio": 1.0,
  "upsampling_ratios": [
    8,
    5,
    4,
    4
  ],
  "use_causal_conv": false,
  "use_conv_shortcut": false
}

Config of the decoder: <class 'transformers.models.musicgen.modeling_musicgen.MusicgenForCausalLM'> is overwritten by shared decoder config: MusicgenDecoderConfig {
  "activation_dropout": 0.0,
  "activation_function": "gelu",
  "attention_dropout": 0.0,
  "audio_channels": 1,
  "bos_token_id": 2048,
  "classifier_dropout": 0.0,
  "dropout": 0.1,
  "ffn_dim": 4096,
  "hidden_size": 1024,
  "initializer_factor": 0.02,
  "layerdrop": 0.0,
  "max_position_embeddings": 2048,
  "model_type": "musicgen_decoder",
  "num_attention_heads": 16,
  "num_codebooks": 4,
  "num_hidden_layers": 24,
  "pad_token_id": 2048,
  "scale_embedding": false,
  "tie_word_embeddings": false,
  "transformers_version": "4.46.3",
  "use_cache": true,
  "vocab_size": 2048
}

Extracting:   0%|          | 0/8 [00:00<?, ?file/s]Extracting:  12%|█▎        | 1/8 [00:00<00:04,  1.40file/s]`torch.nn.functional.scaled_dot_product_attention` does not support having an empty attention mask. Falling back to the manual attention implementation. This warning can be removed using the argument `attn_implementation="eager"` when loading the model.Note that this probably happens because `guidance_scale>1` or because you used `get_unconditional_inputs`. See https://github.com/huggingface/transformers/issues/31189 for more information.
Extracting:  25%|██▌       | 2/8 [01:26<05:03, 50.59s/file]Extracting:  38%|███▊      | 3/8 [01:44<02:58, 35.80s/file]slurmstepd: error: *** JOB 11784223 ON notch475 CANCELLED AT 2026-04-06T13:03:37 ***
